============================================================
  Generated by:           Genus(TM) Synthesis Solution 20.11-s111_1
  Generated on:           Mar 11 2026  08:44:37 am
  Module:                 divider1
  Operating conditions:   slow (balanced_tree)
  Wireload mode:          enclosed
  Area mode:              timing library
============================================================


Path 1: MET (9444 ps) Setup Check with Pin quotient_reg[4]/CK->D
          Group: clk
     Startpoint: (R) quotient_reg[4]/CK
          Clock: (R) clk
       Endpoint: (R) quotient_reg[4]/D
          Clock: (R) clk

                     Capture       Launch     
        Clock Edge:+   10000            0     
       Src Latency:+       0            0     
       Net Latency:+       0 (I)        0 (I) 
           Arrival:=   10000            0     
                                              
             Setup:-     249                  
     Required Time:=    9751                  
      Launch Clock:-       0                  
         Data Path:-     307                  
             Slack:=    9444                  

#-------------------------------------------------------------------------------------------
#   Timing Point     Flags   Arc   Edge   Cell     Fanout Load Trans Delay Arrival Instance 
#                                                         (fF)  (ps)  (ps)   (ps)  Location 
#-------------------------------------------------------------------------------------------
  quotient_reg[4]/CK -       -     R     (arrival)     33    -     0     0       0    (-,-) 
  quotient_reg[4]/Q  -       CK->Q R     SDFFRHQX1      2  2.8    60   307     307    (-,-) 
  quotient_reg[4]/D  <<<     -     R     SDFFRHQX1      2    -     -     0     307    (-,-) 
#-------------------------------------------------------------------------------------------

