============================================================
  Generated by:           Genus(TM) Synthesis Solution 20.11-s111_1
  Generated on:           Mar 11 2026  08:31:57 am
  Module:                 divider
  Operating conditions:   slow (balanced_tree)
  Wireload mode:          enclosed
  Area mode:              timing library
============================================================


Path 1: MET (5039 ps) Setup Check with Pin A_reg[14]/CK->D
          Group: clk
     Startpoint: (R) Q_reg[15]/CK
          Clock: (R) clk
       Endpoint: (F) A_reg[14]/D
          Clock: (R) clk

                     Capture       Launch     
        Clock Edge:+   10000            0     
       Src Latency:+       0            0     
       Net Latency:+       0 (I)        0 (I) 
           Arrival:=   10000            0     
                                              
             Setup:-     127                  
     Required Time:=    9873                  
      Launch Clock:-       0                  
         Data Path:-    4835                  
             Slack:=    5039                  

#--------------------------------------------------------------------------------------------------
#      Timing Point        Flags    Arc   Edge   Cell     Fanout Load Trans Delay Arrival Instance 
#                                                                (fF)  (ps)  (ps)   (ps)  Location 
#--------------------------------------------------------------------------------------------------
  Q_reg[15]/CK             -       -      R     (arrival)     86    -     0     0       0    (-,-) 
  Q_reg[15]/QN             -       CK->QN R     DFFRX1         2  4.4    57   400     400    (-,-) 
  sub_34_22_g1129__4733/Y  -       B->Y   F     NAND2XL        2  7.7   205   162     562    (-,-) 
  sub_34_22_g1125__1881/CO -       CI->CO F     ADDFX1         1  4.9    97   282     844    (-,-) 
  sub_34_22_g1124__6131/CO -       CI->CO F     ADDFX1         1  4.9    96   250    1094    (-,-) 
  sub_34_22_g1123__7098/CO -       CI->CO F     ADDFX1         1  4.9    96   250    1344    (-,-) 
  sub_34_22_g1122__8246/CO -       CI->CO F     ADDFX1         1  4.9    96   250    1594    (-,-) 
  sub_34_22_g1121__5122/CO -       CI->CO F     ADDFX1         1  4.9    96   250    1843    (-,-) 
  sub_34_22_g1120__1705/CO -       CI->CO F     ADDFX1         1  4.9    96   250    2093    (-,-) 
  sub_34_22_g1119__2802/CO -       CI->CO F     ADDFX1         1  4.9    96   250    2343    (-,-) 
  sub_34_22_g1118__1617/CO -       CI->CO F     ADDFX1         1  4.9    96   250    2593    (-,-) 
  sub_34_22_g1117__3680/CO -       CI->CO F     ADDFX1         1  4.9    96   250    2843    (-,-) 
  sub_34_22_g1116__6783/CO -       CI->CO F     ADDFX1         1  4.9    96   250    3093    (-,-) 
  sub_34_22_g1115__5526/CO -       CI->CO F     ADDFX1         1  4.9    96   250    3343    (-,-) 
  sub_34_22_g1114__8428/CO -       CI->CO F     ADDFX1         1  4.9    96   250    3593    (-,-) 
  sub_34_22_g1113__4319/CO -       CI->CO F     ADDFX1         1  4.9    96   250    3843    (-,-) 
  sub_34_22_g1112__6260/CO -       CI->CO F     ADDFX1         2  4.4    92   246    4088    (-,-) 
  sub_34_22_g1109__2398/Y  -       A1->Y  R     OAI21X1        4  7.9   170   153    4241    (-,-) 
  g6622__1666/Y            -       B->Y   F     NOR2XL        16 27.3   353   285    4526    (-,-) 
  g6440__2346/Y            -       C0->Y  R     AOI222XL       1  1.6   281   238    4764    (-,-) 
  g6427/Y                  -       A->Y   F     INVXL          1  2.3   100    71    4835    (-,-) 
  A_reg[14]/D              <<<     -      F     DFFRHQX1       1    -     -     0    4835    (-,-) 
#--------------------------------------------------------------------------------------------------

